---
  0 debug pnpm:scope: 
    selected: 1
    workspacePrefix: null
  1 info pnpm: 
    message: "A store server is running. All store manipulations are delegated to it."
    prefix: "/app"
  2 debug pnpm:package-json: 
    initial: 
      name: "discord.js-commando"
      version: "0.9.0"
      description: "The official command framework for Discord.js"
      license: "Apache-2.0"
      author: 
        name: "Schuyler Cebulskie"
        email: "Gawdl3y@gawdl3y.com"
        url: "https://gawdl3y.com/"
      main: "src/index"
      types: "./typings/index.d.ts"
      dependencies: 
        common-tags: "^1.4.0"
        escape-string-regexp: "^1.0.0"
        require-all: "^2.0.0"
      devDependencies: 
        @types/node: "^7.0.12"
        discord.js-docgen: "github:hydrabolt/discord.js-docgen"
        eslint: "^3.18.0"
        jsdoc-strip-async-await: "^0.1.0"
        typescript: "^2.2.0"
      peerDependencies: 
        discord.js: "^11.1.0"
        sqlite: "^2.5.0"
      engines: 
        node: ">=7.6.0"
      gitHead: "5484c29e9664de1bc8e3f7521bad61edcc8d4445"
      readme: "ERROR: No README data found!"
      _id: "discord.js-commando@0.9.0"
    prefix: "/app"
  3 debug pnpm:stage: 
    prefix: "/app"
    stage: "resolution_started"
  4 debug pnpm:progress: 
    packageId: "registry.npmjs.org/common-tags/1.8.0"
    requester: "/app"
    status: "resolved"
  5 debug pnpm:progress: 
    packageId: "registry.npmjs.org/require-all/2.2.0"
    requester: "/app"
    status: "resolved"
  6 debug pnpm:progress: 
    packageId: "registry.npmjs.org/escape-string-regexp/1.0.5"
    requester: "/app"
    status: "resolved"
  7 debug pnpm:progress: 
    packageId: "registry.npmjs.org/eslint/3.19.0"
    requester: "/app"
    status: "resolved"
  8 debug pnpm:progress: 
    packageId: "registry.npmjs.org/require-all/2.2.0"
    requester: "/app"
    status: "found_in_store"
  9 debug pnpm:progress: 
    packageId: "registry.npmjs.org/escape-string-regexp/1.0.5"
    requester: "/app"
    status: "found_in_store"
  10 debug pnpm:progress: 
    packageId: "registry.npmjs.org/common-tags/1.8.0"
    requester: "/app"
    status: "found_in_store"
  11 debug pnpm:progress: 
    packageId: "registry.npmjs.org/@types/node/7.10.14"
    requester: "/app"
    status: "resolved"
  12 debug pnpm:progress: 
    packageId: "registry.npmjs.org/typescript/2.9.2"
    requester: "/app"
    status: "resolved"
  13 debug pnpm:progress: 
    packageId: "registry.npmjs.org/eslint/3.19.0"
    requester: "/app"
    status: "found_in_store"
  14 debug pnpm:progress: 
    packageId: "registry.npmjs.org/jsdoc-strip-async-await/0.1.0"
    requester: "/app"
    status: "resolved"
  15 debug pnpm:progress: 
    packageId: "registry.npmjs.org/@types/node/7.10.14"
    requester: "/app"
    status: "found_in_store"
  16 debug pnpm:progress: 
    packageId: "registry.npmjs.org/typescript/2.9.2"
    requester: "/app"
    status: "found_in_store"
  17 debug pnpm:progress: 
    packageId: "registry.npmjs.org/espree/3.5.4"
    requester: "/app"
    status: "resolved"
  18 debug pnpm:progress: 
    packageId: "registry.npmjs.org/chalk/1.1.3"
    requester: "/app"
    status: "resolved"
  19 debug pnpm:progress: 
    packageId: "registry.npmjs.org/debug/2.6.9"
    requester: "/app"
    status: "resolved"
  20 debug pnpm:progress: 
    packageId: "registry.npmjs.org/escope/3.6.0"
    requester: "/app"
    status: "resolved"
  21 debug pnpm:progress: 
    packageId: "registry.npmjs.org/concat-stream/1.6.2"
    requester: "/app"
    status: "resolved"
  22 debug pnpm:progress: 
    packageId: "registry.npmjs.org/babel-code-frame/6.26.0"
    requester: "/app"
    status: "resolved"
  23 debug pnpm:progress: 
    packageId: "registry.npmjs.org/doctrine/2.1.0"
    requester: "/app"
    status: "resolved"
  24 debug pnpm:progress: 
    packageId: "registry.npmjs.org/jsdoc-strip-async-await/0.1.0"
    requester: "/app"
    status: "found_in_store"
  25 debug pnpm:progress: 
    packageId: "registry.npmjs.org/lodash/4.17.21"
    requester: "/app"
    status: "resolved"
  26 debug pnpm:progress: 
    packageId: "registry.npmjs.org/is-my-json-valid/2.20.5"
    requester: "/app"
    status: "resolved"
  27 debug pnpm:progress: 
    packageId: "registry.npmjs.org/inquirer/0.12.0"
    requester: "/app"
    status: "resolved"
  28 debug pnpm:progress: 
    packageId: "registry.npmjs.org/is-resolvable/1.1.0"
    requester: "/app"
    status: "resolved"
  29 debug pnpm:progress: 
    packageId: "registry.npmjs.org/json-stable-stringify/1.0.1"
    requester: "/app"
    status: "resolved"
  30 debug pnpm:progress: 
    packageId: "registry.npmjs.org/js-yaml/3.14.1"
    requester: "/app"
    status: "resolved"
  31 debug pnpm:progress: 
    packageId: "registry.npmjs.org/levn/0.3.0"
    requester: "/app"
    status: "resolved"
  32 debug pnpm:progress: 
    packageId: "registry.npmjs.org/esquery/1.4.0"
    requester: "/app"
    status: "resolved"
  33 debug pnpm:progress: 
    packageId: "registry.npmjs.org/estraverse/4.3.0"
    requester: "/app"
    status: "resolved"
  34 debug pnpm:progress: 
    packageId: "registry.npmjs.org/esutils/2.0.3"
    requester: "/app"
    status: "resolved"
  35 debug pnpm:progress: 
    packageId: "registry.npmjs.org/imurmurhash/0.1.4"
    requester: "/app"
    status: "resolved"
  36 debug pnpm:progress: 
    packageId: "registry.npmjs.org/natural-compare/1.4.0"
    requester: "/app"
    status: "resolved"
  37 debug pnpm:progress: 
    packageId: "registry.npmjs.org/globals/9.18.0"
    requester: "/app"
    status: "resolved"
  38 debug pnpm:progress: 
    packageId: "registry.npmjs.org/mkdirp/0.5.5"
    requester: "/app"
    status: "resolved"
  39 debug pnpm:progress: 
    packageId: "registry.npmjs.org/file-entry-cache/2.0.0"
    requester: "/app"
    status: "resolved"
  40 debug pnpm:progress: 
    packageId: "registry.npmjs.org/optionator/0.8.3"
    requester: "/app"
    status: "resolved"
  41 debug pnpm:progress: 
    packageId: "registry.npmjs.org/path-is-inside/1.0.2"
    requester: "/app"
    status: "resolved"
  42 debug pnpm:progress: 
    packageId: "registry.npmjs.org/progress/1.1.8"
    requester: "/app"
    status: "resolved"
  43 debug pnpm:progress: 
    packageId: "registry.npmjs.org/shelljs/0.7.8"
    requester: "/app"
    status: "resolved"
  44 debug pnpm:progress: 
    packageId: "registry.npmjs.org/require-uncached/1.0.3"
    requester: "/app"
    status: "resolved"
  45 debug pnpm:progress: 
    packageId: "registry.npmjs.org/pluralize/1.2.1"
    requester: "/app"
    status: "resolved"
  46 debug pnpm:progress: 
    packageId: "registry.npmjs.org/glob/7.1.6"
    requester: "/app"
    status: "resolved"
  47 debug pnpm:progress: 
    packageId: "registry.npmjs.org/espree/3.5.4"
    requester: "/app"
    status: "found_in_store"
  48 debug pnpm:progress: 
    packageId: "registry.npmjs.org/chalk/1.1.3"
    requester: "/app"
    status: "found_in_store"
  49 debug pnpm:progress: 
    packageId: "registry.npmjs.org/debug/2.6.9"
    requester: "/app"
    status: "found_in_store"
  50 debug pnpm:progress: 
    packageId: "registry.npmjs.org/escope/3.6.0"
    requester: "/app"
    status: "found_in_store"
  51 debug pnpm:progress: 
    packageId: "registry.npmjs.org/concat-stream/1.6.2"
    requester: "/app"
    status: "found_in_store"
  52 debug pnpm:progress: 
    packageId: "registry.npmjs.org/babel-code-frame/6.26.0"
    requester: "/app"
    status: "found_in_store"
  53 debug pnpm:progress: 
    packageId: "registry.npmjs.org/doctrine/2.1.0"
    requester: "/app"
    status: "found_in_store"
  54 debug pnpm:progress: 
    packageId: "registry.npmjs.org/acorn/5.7.4"
    requester: "/app"
    status: "resolved"
  55 debug pnpm:progress: 
    packageId: "registry.npmjs.org/acorn-jsx/3.0.1"
    requester: "/app"
    status: "resolved"
  56 debug pnpm:progress: 
    packageId: "registry.npmjs.org/ansi-styles/2.2.1"
    requester: "/app"
    status: "resolved"
  57 debug pnpm:progress: 
    packageId: "registry.npmjs.org/has-ansi/2.0.0"
    requester: "/app"
    status: "resolved"
  58 debug pnpm:progress: 
    packageId: "registry.npmjs.org/strip-ansi/3.0.1"
    requester: "/app"
    status: "resolved"
  59 debug pnpm:progress: 
    packageId: "registry.npmjs.org/supports-color/2.0.0"
    requester: "/app"
    status: "resolved"
  60 debug pnpm:progress: 
    packageId: "registry.npmjs.org/ms/2.0.0"
    requester: "/app"
    status: "resolved"
  61 debug pnpm:progress: 
    packageId: "registry.npmjs.org/es6-map/0.1.5"
    requester: "/app"
    status: "resolved"
  62 debug pnpm:progress: 
    packageId: "registry.npmjs.org/es6-weak-map/2.0.3"
    requester: "/app"
    status: "resolved"
  63 debug pnpm:progress: 
    packageId: "registry.npmjs.org/esrecurse/4.3.0"
    requester: "/app"
    status: "resolved"
  64 debug pnpm:progress: 
    packageId: "registry.npmjs.org/buffer-from/1.1.1"
    requester: "/app"
    status: "resolved"
  65 debug pnpm:progress: 
    packageId: "registry.npmjs.org/inherits/2.0.4"
    requester: "/app"
    status: "resolved"
  66 debug pnpm:progress: 
    packageId: "registry.npmjs.org/readable-stream/2.3.7"
    requester: "/app"
    status: "resolved"
  67 debug pnpm:progress: 
    packageId: "registry.npmjs.org/typedarray/0.0.6"
    requester: "/app"
    status: "resolved"
  68 debug pnpm:progress: 
    packageId: "registry.npmjs.org/js-tokens/3.0.2"
    requester: "/app"
    status: "resolved"
  69 debug pnpm:progress: 
    packageId: "registry.npmjs.org/strip-bom/3.0.0"
    requester: "/app"
    status: "resolved"
  70 debug pnpm:progress: 
    packageId: "registry.npmjs.org/table/3.8.3"
    requester: "/app"
    status: "resolved"
  71 debug pnpm:progress: 
    packageId: "registry.npmjs.org/strip-json-comments/2.0.1"
    requester: "/app"
    status: "resolved"
  72 debug pnpm:progress: 
    packageId: "registry.npmjs.org/ignore/3.3.10"
    requester: "/app"
    status: "resolved"
  73 debug pnpm:progress: 
    packageId: "registry.npmjs.org/user-home/2.0.0"
    requester: "/app"
    status: "resolved"
  74 debug pnpm:progress: 
    packageId: "registry.npmjs.org/text-table/0.2.0"
    requester: "/app"
    status: "resolved"
  75 debug pnpm:progress: 
    packageId: "registry.npmjs.org/lodash/4.17.21"
    requester: "/app"
    status: "found_in_store"
  76 debug pnpm:progress: 
    packageId: "registry.npmjs.org/is-my-json-valid/2.20.5"
    requester: "/app"
    status: "found_in_store"
  77 debug pnpm:progress: 
    packageId: "registry.npmjs.org/inquirer/0.12.0"
    requester: "/app"
    status: "found_in_store"
  78 debug pnpm:progress: 
    packageId: "registry.npmjs.org/is-resolvable/1.1.0"
    requester: "/app"
    status: "found_in_store"
  79 debug pnpm:progress: 
    packageId: "registry.npmjs.org/generate-function/2.3.1"
    requester: "/app"
    status: "resolved"
  80 debug pnpm:progress: 
    packageId: "registry.npmjs.org/generate-object-property/1.2.0"
    requester: "/app"
    status: "resolved"
  81 debug pnpm:progress: 
    packageId: "registry.npmjs.org/is-my-ip-valid/1.0.0"
    requester: "/app"
    status: "resolved"
  82 debug pnpm:progress: 
    packageId: "registry.npmjs.org/jsonpointer/4.1.0"
    requester: "/app"
    status: "resolved"
  83 debug pnpm:progress: 
    packageId: "registry.npmjs.org/xtend/4.0.2"
    requester: "/app"
    status: "resolved"
  84 debug pnpm:progress: 
    packageId: "registry.npmjs.org/ansi-escapes/1.4.0"
    requester: "/app"
    status: "resolved"
  85 debug pnpm:progress: 
    packageId: "registry.npmjs.org/ansi-regex/2.1.1"
    requester: "/app"
    status: "resolved"
  86 debug pnpm:progress: 
    packageId: "registry.npmjs.org/cli-cursor/1.0.2"
    requester: "/app"
    status: "resolved"
  87 debug pnpm:progress: 
    packageId: "registry.npmjs.org/cli-width/2.2.1"
    requester: "/app"
    status: "resolved"
  88 debug pnpm:progress: 
    packageId: "registry.npmjs.org/figures/1.7.0"
    requester: "/app"
    status: "resolved"
  89 debug pnpm:progress: 
    packageId: "registry.npmjs.org/readline2/1.0.1"
    requester: "/app"
    status: "resolved"
  90 debug pnpm:progress: 
    packageId: "registry.npmjs.org/run-async/0.1.0"
    requester: "/app"
    status: "resolved"
  91 debug pnpm:progress: 
    packageId: "registry.npmjs.org/rx-lite/3.1.2"
    requester: "/app"
    status: "resolved"
  92 debug pnpm:progress: 
    packageId: "registry.npmjs.org/string-width/1.0.2"
    requester: "/app"
    status: "resolved"
  93 debug pnpm:progress: 
    packageId: "registry.npmjs.org/through/2.3.8"
    requester: "/app"
    status: "resolved"
  94 debug pnpm:progress: 
    packageId: "registry.npmjs.org/json-stable-stringify/1.0.1"
    requester: "/app"
    status: "found_in_store"
  95 debug pnpm:progress: 
    packageId: "registry.npmjs.org/js-yaml/3.14.1"
    requester: "/app"
    status: "found_in_store"
  96 debug pnpm:progress: 
    packageId: "registry.npmjs.org/levn/0.3.0"
    requester: "/app"
    status: "found_in_store"
  97 debug pnpm:progress: 
    packageId: "registry.npmjs.org/esquery/1.4.0"
    requester: "/app"
    status: "found_in_store"
  98 debug pnpm:progress: 
    packageId: "registry.npmjs.org/estraverse/4.3.0"
    requester: "/app"
    status: "found_in_store"
  99 debug pnpm:progress: 
    packageId: "registry.npmjs.org/esutils/2.0.3"
    requester: "/app"
    status: "found_in_store"
  100 debug pnpm:progress: 
    packageId: "registry.npmjs.org/imurmurhash/0.1.4"
    requester: "/app"
    status: "found_in_store"
  101 debug pnpm:progress: 
    packageId: "registry.npmjs.org/natural-compare/1.4.0"
    requester: "/app"
    status: "found_in_store"
  102 debug pnpm:progress: 
    packageId: "registry.npmjs.org/globals/9.18.0"
    requester: "/app"
    status: "found_in_store"
  103 debug pnpm:progress: 
    packageId: "registry.npmjs.org/mkdirp/0.5.5"
    requester: "/app"
    status: "found_in_store"
  104 debug pnpm:progress: 
    packageId: "registry.npmjs.org/file-entry-cache/2.0.0"
    requester: "/app"
    status: "found_in_store"
  105 debug pnpm:progress: 
    packageId: "registry.npmjs.org/optionator/0.8.3"
    requester: "/app"
    status: "found_in_store"
  106 debug pnpm:progress: 
    packageId: "registry.npmjs.org/path-is-inside/1.0.2"
    requester: "/app"
    status: "found_in_store"
  107 debug pnpm:progress: 
    packageId: "registry.npmjs.org/progress/1.1.8"
    requester: "/app"
    status: "found_in_store"
  108 debug pnpm:progress: 
    packageId: "registry.npmjs.org/shelljs/0.7.8"
    requester: "/app"
    status: "found_in_store"
  109 debug pnpm:progress: 
    packageId: "registry.npmjs.org/require-uncached/1.0.3"
    requester: "/app"
    status: "found_in_store"
  110 debug pnpm:progress: 
    packageId: "registry.npmjs.org/pluralize/1.2.1"
    requester: "/app"
    status: "found_in_store"
  111 debug pnpm:progress: 
    packageId: "registry.npmjs.org/glob/7.1.6"
    requester: "/app"
    status: "found_in_store"
  112 debug pnpm:progress: 
    packageId: "registry.npmjs.org/acorn/5.7.4"
    requester: "/app"
    status: "found_in_store"
  113 debug pnpm:progress: 
    packageId: "registry.npmjs.org/acorn-jsx/3.0.1"
    requester: "/app"
    status: "found_in_store"
  114 debug pnpm:progress: 
    packageId: "registry.npmjs.org/ansi-styles/2.2.1"
    requester: "/app"
    status: "found_in_store"
  115 debug pnpm:progress: 
    packageId: "registry.npmjs.org/has-ansi/2.0.0"
    requester: "/app"
    status: "found_in_store"
  116 debug pnpm:progress: 
    packageId: "registry.npmjs.org/jsonify/0.0.0"
    requester: "/app"
    status: "resolved"
  117 debug pnpm:progress: 
    packageId: "registry.npmjs.org/argparse/1.0.10"
    requester: "/app"
    status: "resolved"
  118 debug pnpm:progress: 
    packageId: "registry.npmjs.org/esprima/4.0.1"
    requester: "/app"
    status: "resolved"
  119 debug pnpm:progress: 
    packageId: "registry.npmjs.org/prelude-ls/1.1.2"
    requester: "/app"
    status: "resolved"
  120 debug pnpm:progress: 
    packageId: "registry.npmjs.org/type-check/0.3.2"
    requester: "/app"
    status: "resolved"
  121 debug pnpm:progress: 
    packageId: "registry.npmjs.org/estraverse/5.2.0"
    requester: "/app"
    status: "resolved"
  122 debug pnpm:progress: 
    packageId: "registry.npmjs.org/minimist/1.2.5"
    requester: "/app"
    status: "resolved"
  123 debug pnpm:progress: 
    packageId: "registry.npmjs.org/flat-cache/1.3.4"
    requester: "/app"
    status: "resolved"
  124 debug pnpm:progress: 
    packageId: "registry.npmjs.org/object-assign/4.1.1"
    requester: "/app"
    status: "resolved"
  125 debug pnpm:progress: 
    packageId: "registry.npmjs.org/deep-is/0.1.3"
    requester: "/app"
    status: "resolved"
  126 debug pnpm:progress: 
    packageId: "registry.npmjs.org/word-wrap/1.2.3"
    requester: "/app"
    status: "resolved"
  127 debug pnpm:progress: 
    packageId: "registry.npmjs.org/fast-levenshtein/2.0.6"
    requester: "/app"
    status: "resolved"
  128 debug pnpm:progress: 
    packageId: "registry.npmjs.org/interpret/1.4.0"
    requester: "/app"
    status: "resolved"
  129 debug pnpm:progress: 
    packageId: "registry.npmjs.org/rechoir/0.6.2"
    requester: "/app"
    status: "resolved"
  130 debug pnpm:progress: 
    packageId: "registry.npmjs.org/caller-path/0.1.0"
    requester: "/app"
    status: "resolved"
  131 debug pnpm:progress: 
    packageId: "registry.npmjs.org/resolve-from/1.0.1"
    requester: "/app"
    status: "resolved"
  132 debug pnpm:progress: 
    packageId: "registry.npmjs.org/fs.realpath/1.0.0"
    requester: "/app"
    status: "resolved"
  133 debug pnpm:progress: 
    packageId: "registry.npmjs.org/inflight/1.0.6"
    requester: "/app"
    status: "resolved"
  134 debug pnpm:progress: 
    packageId: "registry.npmjs.org/minimatch/3.0.4"
    requester: "/app"
    status: "resolved"
  135 debug pnpm:progress: 
    packageId: "registry.npmjs.org/once/1.4.0"
    requester: "/app"
    status: "resolved"
  136 debug pnpm:progress: 
    packageId: "registry.npmjs.org/path-is-absolute/1.0.1"
    requester: "/app"
    status: "resolved"
  137 debug pnpm:progress: 
    packageId: "registry.npmjs.org/strip-ansi/3.0.1"
    requester: "/app"
    status: "found_in_store"
  138 debug pnpm:progress: 
    packageId: "registry.npmjs.org/supports-color/2.0.0"
    requester: "/app"
    status: "found_in_store"
  139 debug pnpm:progress: 
    packageId: "registry.npmjs.org/ms/2.0.0"
    requester: "/app"
    status: "found_in_store"
  140 debug pnpm:progress: 
    packageId: "registry.npmjs.org/es6-map/0.1.5"
    requester: "/app"
    status: "found_in_store"
  141 debug pnpm:progress: 
    packageId: "registry.npmjs.org/es6-weak-map/2.0.3"
    requester: "/app"
    status: "found_in_store"
  142 debug pnpm:progress: 
    packageId: "registry.npmjs.org/esrecurse/4.3.0"
    requester: "/app"
    status: "found_in_store"
  143 debug pnpm:progress: 
    packageId: "registry.npmjs.org/buffer-from/1.1.1"
    requester: "/app"
    status: "found_in_store"
  144 debug pnpm:progress: 
    packageId: "registry.npmjs.org/inherits/2.0.4"
    requester: "/app"
    status: "found_in_store"
  145 debug pnpm:progress: 
    packageId: "registry.npmjs.org/readable-stream/2.3.7"
    requester: "/app"
    status: "found_in_store"
  146 debug pnpm:progress: 
    packageId: "registry.npmjs.org/typedarray/0.0.6"
    requester: "/app"
    status: "found_in_store"
  147 debug pnpm:progress: 
    packageId: "registry.npmjs.org/js-tokens/3.0.2"
    requester: "/app"
    status: "found_in_store"
  148 debug pnpm:progress: 
    packageId: "registry.npmjs.org/strip-bom/3.0.0"
    requester: "/app"
    status: "found_in_store"
  149 debug pnpm:progress: 
    packageId: "registry.npmjs.org/table/3.8.3"
    requester: "/app"
    status: "found_in_store"
  150 debug pnpm:progress: 
    packageId: "registry.npmjs.org/strip-json-comments/2.0.1"
    requester: "/app"
    status: "found_in_store"
  151 debug pnpm:progress: 
    packageId: "registry.npmjs.org/ignore/3.3.10"
    requester: "/app"
    status: "found_in_store"
  152 debug pnpm:progress: 
    packageId: "registry.npmjs.org/user-home/2.0.0"
    requester: "/app"
    status: "found_in_store"
  153 debug pnpm:progress: 
    packageId: "registry.npmjs.org/text-table/0.2.0"
    requester: "/app"
    status: "found_in_store"
  154 debug pnpm:progress: 
    packageId: "registry.npmjs.org/acorn/3.3.0"
    requester: "/app"
    status: "resolved"
  155 debug pnpm:progress: 
    packageId: "registry.npmjs.org/d/1.0.1"
    requester: "/app"
    status: "resolved"
  156 debug pnpm:progress: 
    packageId: "registry.npmjs.org/es5-ext/0.10.53"
    requester: "/app"
    status: "resolved"
  157 debug pnpm:progress: 
    packageId: "registry.npmjs.org/es6-iterator/2.0.3"
    requester: "/app"
    status: "resolved"
  158 debug pnpm:progress: 
    packageId: "registry.npmjs.org/es6-set/0.1.5"
    requester: "/app"
    status: "resolved"
  159 debug pnpm:progress: 
    packageId: "registry.npmjs.org/es6-symbol/3.1.3"
    requester: "/app"
    status: "resolved"
  160 debug pnpm:progress: 
    packageId: "registry.npmjs.org/event-emitter/0.3.5"
    requester: "/app"
    status: "resolved"
  161 debug pnpm:progress: 
    packageId: "registry.npmjs.org/core-util-is/1.0.2"
    requester: "/app"
    status: "resolved"
  162 debug pnpm:progress: 
    packageId: "registry.npmjs.org/generate-function/2.3.1"
    requester: "/app"
    status: "found_in_store"
  163 debug pnpm:progress: 
    packageId: "registry.npmjs.org/generate-object-property/1.2.0"
    requester: "/app"
    status: "found_in_store"
  164 debug pnpm:progress: 
    packageId: "registry.npmjs.org/is-my-ip-valid/1.0.0"
    requester: "/app"
    status: "found_in_store"
  165 debug pnpm:progress: 
    packageId: "registry.npmjs.org/jsonpointer/4.1.0"
    requester: "/app"
    status: "found_in_store"
  166 debug pnpm:progress: 
    packageId: "registry.npmjs.org/xtend/4.0.2"
    requester: "/app"
    status: "found_in_store"
  167 debug pnpm:progress: 
    packageId: "registry.npmjs.org/ansi-escapes/1.4.0"
    requester: "/app"
    status: "found_in_store"
  168 debug pnpm:progress: 
    packageId: "registry.npmjs.org/ansi-regex/2.1.1"
    requester: "/app"
    status: "found_in_store"
  169 debug pnpm:progress: 
    packageId: "registry.npmjs.org/cli-cursor/1.0.2"
    requester: "/app"
    status: "found_in_store"
  170 debug pnpm:progress: 
    packageId: "registry.npmjs.org/cli-width/2.2.1"
    requester: "/app"
    status: "found_in_store"
  171 debug pnpm:progress: 
    packageId: "registry.npmjs.org/figures/1.7.0"
    requester: "/app"
    status: "found_in_store"
  172 debug pnpm:progress: 
    packageId: "registry.npmjs.org/readline2/1.0.1"
    requester: "/app"
    status: "found_in_store"
  173 debug pnpm:progress: 
    packageId: "registry.npmjs.org/run-async/0.1.0"
    requester: "/app"
    status: "found_in_store"
  174 debug pnpm:progress: 
    packageId: "registry.npmjs.org/isarray/1.0.0"
    requester: "/app"
    status: "resolved"
  175 debug pnpm:progress: 
    packageId: "registry.npmjs.org/process-nextick-args/2.0.1"
    requester: "/app"
    status: "resolved"
  176 debug pnpm:progress: 
    packageId: "registry.npmjs.org/safe-buffer/5.1.2"
    requester: "/app"
    status: "resolved"
  177 debug pnpm:progress: 
    packageId: "registry.npmjs.org/string_decoder/1.1.1"
    requester: "/app"
    status: "resolved"
  178 debug pnpm:progress: 
    packageId: "registry.npmjs.org/util-deprecate/1.0.2"
    requester: "/app"
    status: "resolved"
  179 debug pnpm:progress: 
    packageId: "registry.npmjs.org/ajv/4.11.8"
    requester: "/app"
    status: "resolved"
  180 debug pnpm:progress: 
    packageId: "registry.npmjs.org/ajv-keywords/1.5.1"
    requester: "/app"
    status: "resolved"
  181 debug pnpm:progress: 
    packageId: "registry.npmjs.org/slice-ansi/0.0.4"
    requester: "/app"
    status: "resolved"
  182 debug pnpm:progress: 
    packageId: "registry.npmjs.org/string-width/2.1.1"
    requester: "/app"
    status: "resolved"
  183 debug pnpm:progress: 
    packageId: "registry.npmjs.org/os-homedir/1.0.2"
    requester: "/app"
    status: "resolved"
  184 debug pnpm:progress: 
    packageId: "registry.npmjs.org/rx-lite/3.1.2"
    requester: "/app"
    status: "found_in_store"
  185 debug pnpm:progress: 
    packageId: "registry.npmjs.org/string-width/1.0.2"
    requester: "/app"
    status: "found_in_store"
  186 debug pnpm:progress: 
    packageId: "registry.npmjs.org/through/2.3.8"
    requester: "/app"
    status: "found_in_store"
  187 debug pnpm:progress: 
    packageId: "registry.npmjs.org/jsonify/0.0.0"
    requester: "/app"
    status: "found_in_store"
  188 debug pnpm:progress: 
    packageId: "registry.npmjs.org/argparse/1.0.10"
    requester: "/app"
    status: "found_in_store"
  189 debug pnpm:progress: 
    packageId: "registry.npmjs.org/esprima/4.0.1"
    requester: "/app"
    status: "found_in_store"
  190 debug pnpm:progress: 
    packageId: "registry.npmjs.org/is-property/1.0.2"
    requester: "/app"
    status: "resolved"
  191 debug pnpm:progress: 
    packageId: "registry.npmjs.org/restore-cursor/1.0.1"
    requester: "/app"
    status: "resolved"
  192 debug pnpm:progress: 
    packageId: "registry.npmjs.org/code-point-at/1.1.0"
    requester: "/app"
    status: "resolved"
  193 debug pnpm:progress: 
    packageId: "registry.npmjs.org/is-fullwidth-code-point/1.0.0"
    requester: "/app"
    status: "resolved"
  194 debug pnpm:progress: 
    packageId: "registry.npmjs.org/mute-stream/0.0.5"
    requester: "/app"
    status: "resolved"
  195 debug pnpm:progress: 
    packageId: "registry.npmjs.org/prelude-ls/1.1.2"
    requester: "/app"
    status: "found_in_store"
  196 debug pnpm:progress: 
    packageId: "registry.npmjs.org/type-check/0.3.2"
    requester: "/app"
    status: "found_in_store"
  197 debug pnpm:progress: 
    packageId: "registry.npmjs.org/estraverse/5.2.0"
    requester: "/app"
    status: "found_in_store"
  198 debug pnpm:progress: 
    packageId: "registry.npmjs.org/minimist/1.2.5"
    requester: "/app"
    status: "found_in_store"
  199 debug pnpm:progress: 
    packageId: "registry.npmjs.org/flat-cache/1.3.4"
    requester: "/app"
    status: "found_in_store"
  200 debug pnpm:progress: 
    packageId: "registry.npmjs.org/object-assign/4.1.1"
    requester: "/app"
    status: "found_in_store"
  201 debug pnpm:progress: 
    packageId: "registry.npmjs.org/deep-is/0.1.3"
    requester: "/app"
    status: "found_in_store"
  202 debug pnpm:progress: 
    packageId: "registry.npmjs.org/word-wrap/1.2.3"
    requester: "/app"
    status: "found_in_store"
  203 debug pnpm:progress: 
    packageId: "registry.npmjs.org/fast-levenshtein/2.0.6"
    requester: "/app"
    status: "found_in_store"
  204 debug pnpm:progress: 
    packageId: "registry.npmjs.org/interpret/1.4.0"
    requester: "/app"
    status: "found_in_store"
  205 debug pnpm:progress: 
    packageId: "registry.npmjs.org/rechoir/0.6.2"
    requester: "/app"
    status: "found_in_store"
  206 debug pnpm:progress: 
    packageId: "registry.npmjs.org/caller-path/0.1.0"
    requester: "/app"
    status: "found_in_store"
  207 debug pnpm:progress: 
    packageId: "registry.npmjs.org/resolve-from/1.0.1"
    requester: "/app"
    status: "found_in_store"
  208 debug pnpm:progress: 
    packageId: "registry.npmjs.org/fs.realpath/1.0.0"
    requester: "/app"
    status: "found_in_store"
  209 debug pnpm:progress: 
    packageId: "registry.npmjs.org/inflight/1.0.6"
    requester: "/app"
    status: "found_in_store"
  210 debug pnpm:progress: 
    packageId: "registry.npmjs.org/minimatch/3.0.4"
    requester: "/app"
    status: "found_in_store"
  211 debug pnpm:progress: 
    packageId: "registry.npmjs.org/once/1.4.0"
    requester: "/app"
    status: "found_in_store"
  212 debug pnpm:progress: 
    packageId: "registry.npmjs.org/path-is-absolute/1.0.1"
    requester: "/app"
    status: "found_in_store"
  213 debug pnpm:progress: 
    packageId: "registry.npmjs.org/acorn/3.3.0"
    requester: "/app"
    status: "found_in_store"
  214 debug pnpm:progress: 
    packageId: "registry.npmjs.org/d/1.0.1"
    requester: "/app"
    status: "found_in_store"
  215 debug pnpm:progress: 
    packageId: "registry.npmjs.org/es5-ext/0.10.53"
    requester: "/app"
    status: "found_in_store"
  216 debug pnpm:progress: 
    packageId: "registry.npmjs.org/es6-iterator/2.0.3"
    requester: "/app"
    status: "found_in_store"
  217 debug pnpm:progress: 
    packageId: "registry.npmjs.org/es6-set/0.1.5"
    requester: "/app"
    status: "found_in_store"
  218 debug pnpm:progress: 
    packageId: "registry.npmjs.org/sprintf-js/1.0.3"
    requester: "/app"
    status: "resolved"
  219 debug pnpm:deprecation: 
    deprecated: "CircularJSON is in maintenance only, flatted is its successor."
    depth: 3
    pkgId: "registry.npmjs.org/circular-json/0.3.3"
    pkgName: "circular-json"
    pkgVersion: "0.3.3"
    prefix: "/app"
  220 debug pnpm:progress: 
    packageId: "registry.npmjs.org/circular-json/0.3.3"
    requester: "/app"
    status: "resolved"
  221 debug pnpm:progress: 
    packageId: "registry.npmjs.org/graceful-fs/4.2.6"
    requester: "/app"
    status: "resolved"
  222 debug pnpm:progress: 
    packageId: "registry.npmjs.org/rimraf/2.6.3"
    requester: "/app"
    status: "resolved"
  223 debug pnpm:progress: 
    packageId: "registry.npmjs.org/write/0.2.1"
    requester: "/app"
    status: "resolved"
  224 debug pnpm:progress: 
    packageId: "registry.npmjs.org/resolve/1.20.0"
    requester: "/app"
    status: "resolved"
  225 debug pnpm:progress: 
    packageId: "registry.npmjs.org/callsites/0.2.0"
    requester: "/app"
    status: "resolved"
  226 debug pnpm:progress: 
    packageId: "registry.npmjs.org/wrappy/1.0.2"
    requester: "/app"
    status: "resolved"
  227 debug pnpm:progress: 
    packageId: "registry.npmjs.org/brace-expansion/1.1.11"
    requester: "/app"
    status: "resolved"
  228 debug pnpm:progress: 
    packageId: "registry.npmjs.org/es6-symbol/3.1.3"
    requester: "/app"
    status: "found_in_store"
  229 debug pnpm:progress: 
    packageId: "registry.npmjs.org/event-emitter/0.3.5"
    requester: "/app"
    status: "found_in_store"
  230 debug pnpm:progress: 
    packageId: "registry.npmjs.org/core-util-is/1.0.2"
    requester: "/app"
    status: "found_in_store"
  231 debug pnpm:progress: 
    packageId: "registry.npmjs.org/type/1.2.0"
    requester: "/app"
    status: "resolved"
  232 debug pnpm:progress: 
    packageId: "registry.npmjs.org/next-tick/1.0.0"
    requester: "/app"
    status: "resolved"
  233 debug pnpm:progress: 
    packageId: "registry.npmjs.org/isarray/1.0.0"
    requester: "/app"
    status: "found_in_store"
  234 debug pnpm:progress: 
    packageId: "registry.npmjs.org/process-nextick-args/2.0.1"
    requester: "/app"
    status: "found_in_store"
  235 debug pnpm:progress: 
    packageId: "registry.npmjs.org/safe-buffer/5.1.2"
    requester: "/app"
    status: "found_in_store"
  236 debug pnpm:progress: 
    packageId: "registry.npmjs.org/string_decoder/1.1.1"
    requester: "/app"
    status: "found_in_store"
  237 debug pnpm:progress: 
    packageId: "registry.npmjs.org/util-deprecate/1.0.2"
    requester: "/app"
    status: "found_in_store"
  238 debug pnpm:progress: 
    packageId: "registry.npmjs.org/ajv/4.11.8"
    requester: "/app"
    status: "found_in_store"
  239 debug pnpm:progress: 
    packageId: "registry.npmjs.org/ajv-keywords/1.5.1"
    requester: "/app"
    status: "found_in_store"
  240 debug pnpm:progress: 
    packageId: "registry.npmjs.org/slice-ansi/0.0.4"
    requester: "/app"
    status: "found_in_store"
  241 debug pnpm:progress: 
    packageId: "registry.npmjs.org/string-width/2.1.1"
    requester: "/app"
    status: "found_in_store"
  242 debug pnpm:progress: 
    packageId: "registry.npmjs.org/es6-symbol/3.1.1"
    requester: "/app"
    status: "resolved"
  243 debug pnpm:progress: 
    packageId: "registry.npmjs.org/ext/1.4.0"
    requester: "/app"
    status: "resolved"
  244 debug pnpm:progress: 
    packageId: "registry.npmjs.org/os-homedir/1.0.2"
    requester: "/app"
    status: "found_in_store"
  245 debug pnpm:progress: 
    packageId: "registry.npmjs.org/is-property/1.0.2"
    requester: "/app"
    status: "found_in_store"
  246 debug pnpm:progress: 
    packageId: "registry.npmjs.org/restore-cursor/1.0.1"
    requester: "/app"
    status: "found_in_store"
  247 debug pnpm:progress: 
    packageId: "registry.npmjs.org/code-point-at/1.1.0"
    requester: "/app"
    status: "found_in_store"
  248 debug pnpm:progress: 
    packageId: "registry.npmjs.org/is-fullwidth-code-point/1.0.0"
    requester: "/app"
    status: "found_in_store"
  249 debug pnpm:progress: 
    packageId: "registry.npmjs.org/mute-stream/0.0.5"
    requester: "/app"
    status: "found_in_store"
  250 debug pnpm:progress: 
    packageId: "registry.npmjs.org/sprintf-js/1.0.3"
    requester: "/app"
    status: "found_in_store"
  251 debug pnpm:progress: 
    packageId: "registry.npmjs.org/circular-json/0.3.3"
    requester: "/app"
    status: "found_in_store"
  252 debug pnpm:progress: 
    packageId: "registry.npmjs.org/co/4.6.0"
    requester: "/app"
    status: "resolved"
  253 debug pnpm:progress: 
    packageId: "registry.npmjs.org/is-fullwidth-code-point/2.0.0"
    requester: "/app"
    status: "resolved"
  254 debug pnpm:progress: 
    packageId: "registry.npmjs.org/strip-ansi/4.0.0"
    requester: "/app"
    status: "resolved"
  255 debug pnpm:progress: 
    packageId: "registry.npmjs.org/exit-hook/1.1.1"
    requester: "/app"
    status: "resolved"
  256 debug pnpm:progress: 
    packageId: "registry.npmjs.org/onetime/1.1.0"
    requester: "/app"
    status: "resolved"
  257 debug pnpm:progress: 
    packageId: "registry.npmjs.org/number-is-nan/1.0.1"
    requester: "/app"
    status: "resolved"
  258 debug pnpm:progress: 
    packageId: "registry.npmjs.org/graceful-fs/4.2.6"
    requester: "/app"
    status: "found_in_store"
  259 debug pnpm:progress: 
    packageId: "registry.npmjs.org/rimraf/2.6.3"
    requester: "/app"
    status: "found_in_store"
  260 debug pnpm:progress: 
    packageId: "registry.npmjs.org/write/0.2.1"
    requester: "/app"
    status: "found_in_store"
  261 debug pnpm:progress: 
    packageId: "registry.npmjs.org/resolve/1.20.0"
    requester: "/app"
    status: "found_in_store"
  262 debug pnpm:progress: 
    packageId: "registry.npmjs.org/callsites/0.2.0"
    requester: "/app"
    status: "found_in_store"
  263 debug pnpm:progress: 
    packageId: "registry.npmjs.org/wrappy/1.0.2"
    requester: "/app"
    status: "found_in_store"
  264 debug pnpm:progress: 
    packageId: "registry.npmjs.org/brace-expansion/1.1.11"
    requester: "/app"
    status: "found_in_store"
  265 debug pnpm:progress: 
    packageId: "registry.npmjs.org/is-core-module/2.2.0"
    requester: "/app"
    status: "resolved"
  266 debug pnpm:progress: 
    packageId: "registry.npmjs.org/path-parse/1.0.6"
    requester: "/app"
    status: "resolved"
  267 debug pnpm:progress: 
    packageId: "registry.npmjs.org/balanced-match/1.0.0"
    requester: "/app"
    status: "resolved"
  268 debug pnpm:progress: 
    packageId: "registry.npmjs.org/concat-map/0.0.1"
    requester: "/app"
    status: "resolved"
  269 debug pnpm:progress: 
    packageId: "registry.npmjs.org/type/1.2.0"
    requester: "/app"
    status: "found_in_store"
  270 debug pnpm:progress: 
    packageId: "registry.npmjs.org/next-tick/1.0.0"
    requester: "/app"
    status: "found_in_store"
  271 debug pnpm:progress: 
    packageId: "registry.npmjs.org/es6-symbol/3.1.1"
    requester: "/app"
    status: "found_in_store"
  272 debug pnpm:progress: 
    packageId: "registry.npmjs.org/ext/1.4.0"
    requester: "/app"
    status: "found_in_store"
  273 debug pnpm:progress: 
    packageId: "registry.npmjs.org/co/4.6.0"
    requester: "/app"
    status: "found_in_store"
  274 debug pnpm:progress: 
    packageId: "registry.npmjs.org/is-fullwidth-code-point/2.0.0"
    requester: "/app"
    status: "found_in_store"
  275 debug pnpm:progress: 
    packageId: "registry.npmjs.org/strip-ansi/4.0.0"
    requester: "/app"
    status: "found_in_store"
  276 debug pnpm:progress: 
    packageId: "registry.npmjs.org/exit-hook/1.1.1"
    requester: "/app"
    status: "found_in_store"
  277 debug pnpm:progress: 
    packageId: "registry.npmjs.org/onetime/1.1.0"
    requester: "/app"
    status: "found_in_store"
  278 debug pnpm:progress: 
    packageId: "registry.npmjs.org/number-is-nan/1.0.1"
    requester: "/app"
    status: "found_in_store"
  279 debug pnpm:progress: 
    packageId: "registry.npmjs.org/type/2.5.0"
    requester: "/app"
    status: "resolved"
  280 debug pnpm:progress: 
    packageId: "registry.npmjs.org/ansi-regex/3.0.0"
    requester: "/app"
    status: "resolved"
  281 debug pnpm:progress: 
    packageId: "registry.npmjs.org/is-core-module/2.2.0"
    requester: "/app"
    status: "found_in_store"
  282 debug pnpm:progress: 
    packageId: "registry.npmjs.org/path-parse/1.0.6"
    requester: "/app"
    status: "found_in_store"
  283 debug pnpm:progress: 
    packageId: "registry.npmjs.org/balanced-match/1.0.0"
    requester: "/app"
    status: "found_in_store"
  284 debug pnpm:progress: 
    packageId: "registry.npmjs.org/concat-map/0.0.1"
    requester: "/app"
    status: "found_in_store"
  285 debug pnpm:progress: 
    packageId: "registry.npmjs.org/has/1.0.3"
    requester: "/app"
    status: "resolved"
  286 debug pnpm:progress: 
    packageId: "registry.npmjs.org/has/1.0.3"
    requester: "/app"
    status: "found_in_store"
  287 debug pnpm:progress: 
    packageId: "registry.npmjs.org/type/2.5.0"
    requester: "/app"
    status: "found_in_store"
  288 debug pnpm:progress: 
    packageId: "registry.npmjs.org/ansi-regex/3.0.0"
    requester: "/app"
    status: "found_in_store"
  289 debug pnpm:progress: 
    packageId: "registry.npmjs.org/function-bind/1.1.1"
    requester: "/app"
    status: "resolved"
  290 debug pnpm:progress: 
    packageId: "registry.npmjs.org/function-bind/1.1.1"
    requester: "/app"
    status: "found_in_store"
  291 error pnpm: 
    message: "404 Not Found: https://codeload.github.com/hydrabolt/discord.js-docgen/tar.gz/d40f54cfd2d0f03ff92d7ecfb29cd82694ee2c11"
    code: "E404"
    uri: "https://codeload.github.com/hydrabolt/discord.js-docgen/tar.gz/d40f54cfd2d0f03ff92d7ecfb29cd82694ee2c11"
    response: 
      body: 
        _readableState: 
          objectMode: false
          highWaterMark: 16384
          buffer: 
            head: 
              data: 
                type: "Buffer"
                data: 
                  - 52
                  - 48
                  - 52
                  - 58
                  - 32
                  - 78
                  - 111
                  - 116
                  - 32
                  - 70
                  - 111
                  - 117
                  - 110
                  - 100
              next: null
            tail: 
              data: 
                type: "Buffer"
                data: 
                  - 52
                  - 48
                  - 52
                  - 58
                  - 32
                  - 78
                  - 111
                  - 116
                  - 32
                  - 70
                  - 111
                  - 117
                  - 110
                  - 100
              next: null
            length: 1
          length: 14
          pipes: null
          pipesCount: 0
          flowing: null
          ended: true
          endEmitted: false
          reading: false
          sync: false
          needReadable: false
          emittedReadable: true
          readableListening: false
          resumeScheduled: false
          paused: true
          emitClose: true
          destroyed: false
          defaultEncoding: "utf8"
          awaitDrain: 0
          readingMore: false
          decoder: null
          encoding: null
        readable: true
        _events: {}
        _eventsCount: 1
        _writableState: 
          objectMode: false
          highWaterMark: 16384
          finalCalled: false
          needDrain: false
          ending: true
          ended: true
          finished: true
          destroyed: false
          decodeStrings: true
          defaultEncoding: "utf8"
          length: 0
          writing: false
          corked: 0
          sync: false
          bufferProcessing: false
          writecb: null
          writelen: 0
          bufferedRequest: null
          lastBufferedRequest: null
          pendingcb: 0
          prefinished: true
          errorEmitted: false
          emitClose: true
          bufferedRequestCount: 0
          corkedRequestsFree: 
            next: null
            entry: null
        writable: false
        allowHalfOpen: true
        _transformState: 
          needTransform: false
          transforming: false
          writecb: null
          writechunk: null
          writeencoding: "buffer"
      size: 0
      timeout: 0
      url: "https://codeload.github.com/hydrabolt/discord.js-docgen/tar.gz/d40f54cfd2d0f03ff92d7ecfb29cd82694ee2c11"
      status: 404
      statusText: "Not Found"
      headers: {}
    attempts: 3
    resource: "https://codeload.github.com/hydrabolt/discord.js-docgen/tar.gz/d40f54cfd2d0f03ff92d7ecfb29cd82694ee2c11"
